<?xml version="1.0" encoding="UTF-8"?>
<!-- Generated by org.testng.reporters.JUnitXMLReporter -->
<testsuite hostname="DESKTOP-8QJ5818" name="Test" tests="5" failures="0" timestamp="2 Dec 2020 18:07:49 GMT" time="0.124" errors="0">
  <testcase name="TC1" time="0.025" classname="testNG3.Sample1"/>
  <testcase name="TC2" time="0.006" classname="testNG3.Sample1"/>
  <testcase name="TC3" time="0.004" classname="testNG3.Sample1"/>
  <testcase name="TC4" time="0.004" classname="testNG3.Sample2"/>
  <testcase name="TC5" time="0.009" classname="testNG3.Sample2"/>
</testsuite> <!-- Test -->
